מאי 20, 2021 1:11:11 אחה״צ IO.StatisticsFile writeLog
INFO:  Beer-Sheva Number of sick: 206 Number of dead: 14

מאי 20, 2021 1:11:11 אחה״צ IO.StatisticsFile writeLog
INFO:  Beer-Sheva Number of sick: 206 Number of dead: 14

מאי 20, 2021 1:11:11 אחה״צ IO.StatisticsFile writeLog
INFO:  Beer-Sheva Number of sick: 206 Number of dead: 14

מאי 20, 2021 1:11:11 אחה״צ IO.StatisticsFile writeLog
INFO:  Ramot Number of sick: 131 Number of dead: 10

מאי 20, 2021 1:11:11 אחה״צ IO.StatisticsFile writeLog
INFO:  Ramot Number of sick: 131 Number of dead: 10

מאי 20, 2021 1:11:11 אחה״צ IO.StatisticsFile writeLog
INFO:  Ramot Number of sick: 131 Number of dead: 10

מאי 20, 2021 1:11:11 אחה״צ IO.StatisticsFile writeLog
INFO:  Ashdod Number of sick: 117 Number of dead: 16

מאי 20, 2021 1:11:11 אחה״צ IO.StatisticsFile writeLog
INFO:  Ashdod Number of sick: 117 Number of dead: 16

מאי 20, 2021 1:11:11 אחה״צ IO.StatisticsFile writeLog
INFO:  Ashdod Number of sick: 117 Number of dead: 16

מאי 20, 2021 1:11:26 אחה״צ IO.StatisticsFile writeLog
INFO:  Beer-Sheva Number of sick: 174 Number of dead: 48

מאי 20, 2021 1:11:26 אחה״צ IO.StatisticsFile writeLog
INFO:  Beer-Sheva Number of sick: 174 Number of dead: 48

מאי 20, 2021 1:11:26 אחה״צ IO.StatisticsFile writeLog
INFO:  Beer-Sheva Number of sick: 174 Number of dead: 48

מאי 20, 2021 1:11:26 אחה״צ IO.StatisticsFile writeLog
INFO:  Beer-Sheva Number of sick: 174 Number of dead: 48

מאי 20, 2021 1:11:31 אחה״צ IO.StatisticsFile writeLog
INFO:  Beer-Sheva Number of sick: 161 Number of dead: 62

מאי 20, 2021 1:11:31 אחה״צ IO.StatisticsFile writeLog
INFO:  Beer-Sheva Number of sick: 161 Number of dead: 62

מאי 20, 2021 1:11:31 אחה״צ IO.StatisticsFile writeLog
INFO:  Beer-Sheva Number of sick: 161 Number of dead: 62

מאי 20, 2021 1:11:31 אחה״צ IO.StatisticsFile writeLog
INFO:  Beer-Sheva Number of sick: 161 Number of dead: 62

מאי 20, 2021 1:11:31 אחה״צ IO.StatisticsFile writeLog
INFO:  Beer-Sheva Number of sick: 161 Number of dead: 62

מאי 20, 2021 1:11:36 אחה״צ IO.StatisticsFile writeLog
INFO:  Beer-Sheva Number of sick: 156 Number of dead: 68

מאי 20, 2021 1:11:36 אחה״צ IO.StatisticsFile writeLog
INFO:  Beer-Sheva Number of sick: 156 Number of dead: 68

מאי 20, 2021 1:11:36 אחה״צ IO.StatisticsFile writeLog
INFO:  Beer-Sheva Number of sick: 156 Number of dead: 68

מאי 20, 2021 1:11:36 אחה״צ IO.StatisticsFile writeLog
INFO:  Beer-Sheva Number of sick: 156 Number of dead: 68

מאי 20, 2021 1:11:36 אחה״צ IO.StatisticsFile writeLog
INFO:  Beer-Sheva Number of sick: 156 Number of dead: 68

מאי 20, 2021 1:11:36 אחה״צ IO.StatisticsFile writeLog
INFO:  Beer-Sheva Number of sick: 156 Number of dead: 68

מאי 20, 2021 1:11:46 אחה״צ IO.StatisticsFile writeLog
INFO:  Beer-Sheva Number of sick: 144 Number of dead: 83

מאי 20, 2021 1:11:46 אחה״צ IO.StatisticsFile writeLog
INFO:  Beer-Sheva Number of sick: 144 Number of dead: 83

מאי 20, 2021 1:11:46 אחה״צ IO.StatisticsFile writeLog
INFO:  Beer-Sheva Number of sick: 144 Number of dead: 83

מאי 20, 2021 1:11:46 אחה״צ IO.StatisticsFile writeLog
INFO:  Beer-Sheva Number of sick: 144 Number of dead: 83

מאי 20, 2021 1:11:46 אחה״צ IO.StatisticsFile writeLog
INFO:  Beer-Sheva Number of sick: 144 Number of dead: 83

מאי 20, 2021 1:11:46 אחה״צ IO.StatisticsFile writeLog
INFO:  Beer-Sheva Number of sick: 144 Number of dead: 83

מאי 20, 2021 1:11:46 אחה״צ IO.StatisticsFile writeLog
INFO:  Beer-Sheva Number of sick: 144 Number of dead: 83

מאי 20, 2021 1:11:51 אחה״צ IO.StatisticsFile writeLog
INFO:  Beer-Sheva Number of sick: 135 Number of dead: 92

מאי 20, 2021 1:11:51 אחה״צ IO.StatisticsFile writeLog
INFO:  Beer-Sheva Number of sick: 135 Number of dead: 92

מאי 20, 2021 1:11:51 אחה״צ IO.StatisticsFile writeLog
INFO:  Beer-Sheva Number of sick: 135 Number of dead: 92

מאי 20, 2021 1:11:51 אחה״צ IO.StatisticsFile writeLog
INFO:  Beer-Sheva Number of sick: 135 Number of dead: 92

מאי 20, 2021 1:11:51 אחה״צ IO.StatisticsFile writeLog
INFO:  Beer-Sheva Number of sick: 135 Number of dead: 92

מאי 20, 2021 1:11:51 אחה״צ IO.StatisticsFile writeLog
INFO:  Beer-Sheva Number of sick: 135 Number of dead: 92

מאי 20, 2021 1:11:51 אחה״צ IO.StatisticsFile writeLog
INFO:  Beer-Sheva Number of sick: 135 Number of dead: 92

מאי 20, 2021 1:11:51 אחה״צ IO.StatisticsFile writeLog
INFO:  Beer-Sheva Number of sick: 135 Number of dead: 92

מאי 20, 2021 1:12:01 אחה״צ IO.StatisticsFile writeLog
INFO:  Beer-Sheva Number of sick: 122 Number of dead: 106

מאי 20, 2021 1:12:01 אחה״צ IO.StatisticsFile writeLog
INFO:  Beer-Sheva Number of sick: 122 Number of dead: 106

מאי 20, 2021 1:12:01 אחה״צ IO.StatisticsFile writeLog
INFO:  Beer-Sheva Number of sick: 122 Number of dead: 106

מאי 20, 2021 1:12:01 אחה״צ IO.StatisticsFile writeLog
INFO:  Beer-Sheva Number of sick: 122 Number of dead: 106

מאי 20, 2021 1:12:01 אחה״צ IO.StatisticsFile writeLog
INFO:  Beer-Sheva Number of sick: 122 Number of dead: 106

מאי 20, 2021 1:12:01 אחה״צ IO.StatisticsFile writeLog
INFO:  Beer-Sheva Number of sick: 122 Number of dead: 106

מאי 20, 2021 1:12:01 אחה״צ IO.StatisticsFile writeLog
INFO:  Beer-Sheva Number of sick: 122 Number of dead: 106

מאי 20, 2021 1:12:01 אחה״צ IO.StatisticsFile writeLog
INFO:  Beer-Sheva Number of sick: 122 Number of dead: 106

מאי 20, 2021 1:12:01 אחה״צ IO.StatisticsFile writeLog
INFO:  Beer-Sheva Number of sick: 122 Number of dead: 106

מאי 20, 2021 1:12:01 אחה״צ IO.StatisticsFile writeLog
INFO:  Ramot Number of sick: 137 Number of dead: 90

מאי 20, 2021 1:12:01 אחה״צ IO.StatisticsFile writeLog
INFO:  Ramot Number of sick: 137 Number of dead: 90

מאי 20, 2021 1:12:01 אחה״צ IO.StatisticsFile writeLog
INFO:  Ramot Number of sick: 137 Number of dead: 90

מאי 20, 2021 1:12:01 אחה״צ IO.StatisticsFile writeLog
INFO:  Ramot Number of sick: 137 Number of dead: 90

מאי 20, 2021 1:12:01 אחה״צ IO.StatisticsFile writeLog
INFO:  Ramot Number of sick: 137 Number of dead: 90

מאי 20, 2021 1:12:01 אחה״צ IO.StatisticsFile writeLog
INFO:  Ramot Number of sick: 137 Number of dead: 90

מאי 20, 2021 1:12:01 אחה״צ IO.StatisticsFile writeLog
INFO:  Ramot Number of sick: 137 Number of dead: 90

מאי 20, 2021 1:12:01 אחה״צ IO.StatisticsFile writeLog
INFO:  Ramot Number of sick: 137 Number of dead: 90

מאי 20, 2021 1:12:01 אחה״צ IO.StatisticsFile writeLog
INFO:  Ramot Number of sick: 137 Number of dead: 90

מאי 20, 2021 1:12:01 אחה״צ IO.StatisticsFile writeLog
INFO:  Ramot Number of sick: 137 Number of dead: 90

מאי 20, 2021 1:12:01 אחה״צ IO.StatisticsFile writeLog
INFO:  Eilat Number of sick: 1440 Number of dead: 610

מאי 20, 2021 1:12:01 אחה״צ IO.StatisticsFile writeLog
INFO:  Eilat Number of sick: 1440 Number of dead: 610

מאי 20, 2021 1:12:01 אחה״צ IO.StatisticsFile writeLog
INFO:  Eilat Number of sick: 1440 Number of dead: 610

מאי 20, 2021 1:12:01 אחה״צ IO.StatisticsFile writeLog
INFO:  Eilat Number of sick: 1440 Number of dead: 610

מאי 20, 2021 1:12:01 אחה״צ IO.StatisticsFile writeLog
INFO:  Eilat Number of sick: 1440 Number of dead: 610

מאי 20, 2021 1:12:01 אחה״צ IO.StatisticsFile writeLog
INFO:  Eilat Number of sick: 1440 Number of dead: 610

מאי 20, 2021 1:12:01 אחה״צ IO.StatisticsFile writeLog
INFO:  Eilat Number of sick: 1440 Number of dead: 610

מאי 20, 2021 1:12:01 אחה״צ IO.StatisticsFile writeLog
INFO:  Eilat Number of sick: 1440 Number of dead: 610

מאי 20, 2021 1:12:01 אחה״צ IO.StatisticsFile writeLog
INFO:  Eilat Number of sick: 1440 Number of dead: 610

מאי 20, 2021 1:12:01 אחה״צ IO.StatisticsFile writeLog
INFO:  Eilat Number of sick: 1440 Number of dead: 610

מאי 20, 2021 1:12:01 אחה״צ IO.StatisticsFile writeLog
INFO:  Eilat Number of sick: 1440 Number of dead: 610

